
P A U P *
Version 4.0a (build 168) for Unix/Linux (built on Aug  2 2020 at 07:10:27)
Fri Jul 28 17:53:46 2023


Processing of file "/home/1_Else/Ceratopipra/2_Phylogeny/2.1aa_SVDquartets/data/Cryptopipo_rubrocapilla_imeriout_m07.GBSPipfilbwa.allsites.filtered.thinned10k.forSVD.49_0.2_5_20.nex"
begins...

Data read in DNA format

Data matrix has 68 taxa, 18745 characters
Valid character-state symbols: ACGT
Missing data identified by 'N'
Gaps identified by '-'
"Equate" macros in effect:
   R,r ==> {AG}
   Y,y ==> {CT}
   M,m ==> {AC}
   K,k ==> {GT}
   S,s ==> {CG}
   W,w ==> {AT}
   H,h ==> {ACT}
   B,b ==> {CGT}
   V,v ==> {ACG}
   D,d ==> {AGT}

Processing of input file "Cryptopipo_rubrocapilla_imeriout_m07.GBSPipfilbwa.allsites.filtered.thinned10k.forSVD.49_0.2_5_20.nex" completed.

paup> svdq evalQuartets=all ambigs=distribute bootstrap seed=624 nreps=100 treeFile=trees/Cryptopipo_rubrocapilla_imeriout_m07.GBSPipfilbwa.allsites.filtered.thinned10k.forSVD.49_0.2_5_20.unpartitioned.boot100.tre;

Analysis using SVDQuartets method

  Number of taxa (lineages) in the analysis = 68
  No species-membership partition is in effect; assuming one tip per species
  Quartet sampling = exhaustive (814385 quartets)
  Doing standard bootstrap analysis
    Initial bootstrap seed = 624
    Number of bootstrap replicates = 100
  Tree model = multispecies coalescent (expected rank of flattening matrix for true tree = 10)
  Using 2 parallel threads on 60 physical (120 logical) processors
  Tree search:
    Quartet assembly algorithm = QFM
    Local search = none
  Writing trees for bootstrap replicates to file: trees/Cryptopipo_rubrocapilla_imeriout_m07.GBSPipfilbwa.allsites.filtered.thinned10k.forSVD.49_0.2_5_20.unpartitioned.boot100.tre

Quartet assembly completed:
  Total weight of incompatible quartets = 283069 (34.759%)
  Total weight of compatible quartets   = 531316 (65.241%)
  Time used for QFM = 0.25 sec (CPU time = 0.50 sec)

Tree from SVDQuartets analysis (also stored to tree buffer):

/------------------------------------------------------------------ Ceratopipra erythrocephala SGC28
|
|                                                             /---- Ceratopipra erythrocephala B7534
|                                                          /--+
|                                                          |  \---- Ceratopipra erythrocephala B7537
|      /---------------------------------------------------+
|      |                                                   \------- Ceratopipra erythrocephala B7539
|      |
|      |                                                   /------- Ceratopipra rubrocapilla CPE012
|      |                                                   |
|      |                                               /---+  /---- Ceratopipra rubrocapilla CPE025
|      |                                               |   \--+
|      |                                        /------+      \---- Ceratopipra rubrocapilla CPE069
|      |                                        |      |
|      |                                        |      |      /---- Ceratopipra rubrocapilla CPE049
|      |                                        |      \------+
|      |                                        |             \---- Ceratopipra rubrocapilla CPEII00
|      |                                        |
|      |                                    /---+          /------- Ceratopipra rubrocapilla UNA002
|      |                                    |   |          |
|      |                                    |   |      /---+  /---- Ceratopipra rubrocapilla UNA018
|      |                                    |   |      |   \--+
|      |                                    |   |  /---+      \---- Ceratopipra rubrocapilla UNA124
|      |                                /---+   |  |   |
|      |                                |   |   \--+   \----------- Ceratopipra rubrocapilla UNA088
|      |                                |   |      |
|      |                                |   |      \--------------- Ceratopipra rubrocapilla UNA110
|      |                             /--+   |
|      |                             |  |   \---------------------- Ceratopipra rubrocapilla RDO007
|      |                             |  |
|      |                             |  |              /----------- Ceratopipra rubrocapilla GAPTO25
|      |                             |  |              |
|      |                             |  \--------------+   /------- Ceratopipra rubrocapilla GAPTO26
|      |                         /---+                 |   |
|      |                         |   |                 \---+  /---- Ceratopipra rubrocapilla GAPTO27
|      |                         |   |                     \--+
|      |                     /---+   |                        \---- Ceratopipra rubrocapilla GAPTO32
|      |                     |   |   |
|      |                     |   |   \----------------------------- Ceratopipra rubrocapilla PPBIO30
|      |                     |   |
|      |                     |   \--------------------------------- Ceratopipra rubrocapilla UHE442
|      |                     |
|      |                  /--+                                /---- Ceratopipra rubrocapilla MF005
|      |                  |  |                             /--+
|      |                  |  |                             |  \---- Ceratopipra rubrocapilla PIME135
|      |                  |  |                         /---+
|      |                  |  |                         |   |  /---- Ceratopipra rubrocapilla WM293
|      |                  |  |                         |   \--+
|      |                  |  \-------------------------+      \---- Ceratopipra rubrocapilla PPBIO22
|      |              /---+                            |
|      |              |   |                            |      /---- Ceratopipra rubrocapilla PIME134
|      |              |   |                            \------+
|      |              |   |                                   \---- Ceratopipra rubrocapilla PIME482
|      |              |   |
|      |              |   |                                   /---- Ceratopipra rubrocapilla BR033
|      |              |   |                                /--+
|      |              |   |                                |  \---- Ceratopipra rubrocapilla PIME522
|      |              |   \--------------------------------+
|      |              |                                    \------- Ceratopipra rubrocapilla PPS174
|   /--+              |
|   |  |          /---+                                       /---- Ceratopipra rubrocapilla AMZ610
|   |  |          |   |                                    /--+
|   |  |          |   |                                    |  \---- Ceratopipra rubrocapilla PPS041
|   |  |          |   |                                /---+
|   |  |          |   |                                |   |  /---- Ceratopipra rubrocapilla MT087
|   |  |          |   |                                |   \--+
|   |  |          |   |                            /---+      \---- Ceratopipra rubrocapilla MT123
|   |  |          |   |                            |   |
|   |  |          |   |                         /--+   \----------- Ceratopipra rubrocapilla PPS221
|   |  |          |   |                         |  |
|   |  |          |   |                         |  \--------------- Ceratopipra rubrocapilla OP100
|   |  |          |   \-------------------------+
|   |  |          |                             |             /---- Ceratopipra rubrocapilla BR036
|   |  |          |                             |          /--+
|   |  |          |                             |          |  \---- Ceratopipra rubrocapilla TLP025
|   |  |          |                             \----------+
|   |  |       /--+                                        \------- Ceratopipra rubrocapilla TLP123
|   |  |       |  |
|   |  |       |  |                                           /---- Ceratopipra rubrocapilla FPR006
|   |  |       |  |                                        /--+
|   |  |       |  |                                        |  \---- Ceratopipra rubrocapilla PIME024
|   |  |       |  |                                    /---+
|   |  |       |  |                                    |   |  /---- Ceratopipra rubrocapilla PIME079
|   |  |       |  |                                    |   \--+
|   |  |       |  |                                    |      \---- Ceratopipra rubrocapilla PIME460
|   |  |       |  |                                /---+
|   |  |       |  |                                |   |      /---- Ceratopipra rubrocapilla FPR021
|   |  |       |  |                                |   |   /--+
|   |  |       |  |                                |   |   |  \---- Ceratopipra rubrocapilla MPDS628
|   |  |       |  |                                |   \---+
|   |  |       |  |                                |       |  /---- Ceratopipra rubrocapilla MAR092
|   |  |       |  \--------------------------------+       \--+
|   |  |       |                                   |          \---- Ceratopipra rubrocapilla PIME062
|   |  |       |                                   |
|   |  |       |                                   |          /---- Ceratopipra rubrocapilla FPR015
|   |  |       |                                   |       /--+
\---+  |       |                                   |       |  \---- Ceratopipra rubrocapilla AMZ551
    |  |   /---+                                   \-------+
    |  |   |   |                                           |  /---- Ceratopipra rubrocapilla MAM010
    |  |   |   |                                           \--+
    |  |   |   |                                              \---- Ceratopipra rubrocapilla PIME169
    |  |   |   |
    |  |   |   |                                              /---- Ceratopipra rubrocapilla AMA340
    |  |   |   |                                           /--+
    |  |   |   |                                           |  \---- Ceratopipra rubrocapilla CUJ027
    |  |   |   |                                       /---+
    |  |   |   |                                       |   |  /---- Ceratopipra rubrocapilla B5082
    |  |   |   |                                       |   \--+
    |  |   |   |                                   /---+      \---- Ceratopipra rubrocapilla CAM117
    |  |   |   |                                   |   |
    |  |   |   |                                /--+   \----------- Ceratopipra rubrocapilla B4615
    |  |   |   |                                |  |
    |  |   |   |                                |  \--------------- Ceratopipra rubrocapilla AMA601
    |  \---+   |                            /---+
    |      |   |                            |   |             /---- Ceratopipra rubrocapilla CUJ072
    |      |   |                            |   |          /--+
    |      |   |                            |   |          |  \---- Ceratopipra rubrocapilla UFAC100
    |      |   |                            |   \----------+
    |      |   \----------------------------+              \------- Ceratopipra rubrocapilla UFAC305
    |      |                                |
    |      |                                |                 /---- Ceratopipra rubrocapilla AMA656
    |      |                                |              /--+
    |      |                                |              |  \---- Ceratopipra rubrocapilla UFAC476
    |      |                                \--------------+
    |      |                                               |  /---- Ceratopipra rubrocapilla PUC008
    |      |                                               \--+
    |      |                                                  \---- Ceratopipra rubrocapilla PUC007
    |      |
    |      |                                               /------- Ceratopipra rubrocapilla OM022
    |      |                                               |
    |      \-----------------------------------------------+  /---- Ceratopipra rubrocapilla OM112
    |                                                      \--+
    |                                                         \---- Ceratopipra rubrocapilla OM172
    |
    \-------------------------------------------------------------- Ceratopipra erythrocephala B7536

Bootstrap 50% majority-rule consensus tree
   (plus other groups compatible with this tree)

/-------------------------------------------------------------- Ceratopipra erythrocephala SGC28(1)
|
|                                                          /--- Ceratopipra erythrocephala B7534(2)
|                                                      /54-+
|                                                      |   \--- Ceratopipra erythrocephala B7537(5)
|                                                   /57+
|  /-----------------------52-----------------------+  \------- Ceratopipra erythrocephala B7539(3)
|  |                                                |
|  |                                                \---------- Ceratopipra erythrocephala B7536(4)
|  |
|  |                                                       /--- Ceratopipra rubrocapilla CPE012(6)
|  |                                                   /25-+
|  |                                                   |   \--- Ceratopipra rubrocapilla CPE025(7)
|  |                                                /15+
|  |                                                |  \------- Ceratopipra rubrocapilla CPEII00(10)
|  |                                         /-100--+
|  |                                         |      |      /--- Ceratopipra rubrocapilla CPE049(8)
|  |                                         |      \--36--+
|  |                                         |             \--- Ceratopipra rubrocapilla CPE069(9)
|  |                                         |
|  |                                     /100+      /---------- Ceratopipra rubrocapilla UNA002(11)
|  |                                     |   |      |
|  |                                     |   |  /27-+      /--- Ceratopipra rubrocapilla UNA018(12)
|  |                                     |   |  |   |  /43-+
|  |                                     |   |  |   |  |   \--- Ceratopipra rubrocapilla UNA124(15)
|  |                                     |   100+   \20+
|  |                                     |      |      \------- Ceratopipra rubrocapilla UNA088(13)
|  |                                     |      |
|  |                                  /79+      \-------------- Ceratopipra rubrocapilla UNA110(14)
|  |                                  |  |
|  |                                  |  |          /---------- Ceratopipra rubrocapilla GAPTO25(59)
|  |                                  |  |          |
|  |                                  |  |      /100+      /--- Ceratopipra rubrocapilla GAPTO26(60)
|  |                                  |  |      |   |  /31-+
|  |                              /73-+  |      |   |  |   \--- Ceratopipra rubrocapilla GAPTO32(62)
|  |                              |   |  \--38--+   \44+
|  |                              |   |         |      \------- Ceratopipra rubrocapilla GAPTO27(61)
|  |                              |   |         |
|  |                           /5-+   |         \-------------- Ceratopipra rubrocapilla RDO007(67)
|  |                           |  |   |
|  |                           |  |   \------------------------ Ceratopipra rubrocapilla PPBIO30(66)
|  |                           |  |
|  |                        /8-+  |                        /--- Ceratopipra rubrocapilla PIME135(48)
|  |                        |  |  \-----------26-----------+
|  |                        |  |                           \--- Ceratopipra rubrocapilla UHE442(68)
|  |                        |  |
|  |                    /15-+  \------------------------------- Ceratopipra rubrocapilla PIME134(47)
|  |                    |   |
|  |                    |   |                              /--- Ceratopipra rubrocapilla WM293(57)
|  |                    |   \--------------44--------------+
|  |                 /25+                                  \--- Ceratopipra rubrocapilla PPBIO22(65)
|  |                 |  |
|  |                 |  |                                  /--- Ceratopipra rubrocapilla BR033(43)
|  |                 |  |                              /45-+
|  |                 |  |                              |   \--- Ceratopipra rubrocapilla PIME522(51)
|  |                 |  \--------------6---------------+
|  |                 |                                 |   /--- Ceratopipra rubrocapilla MF005(45)
|  |             /-5-+                                 \25-+
\--+             |   |                                     \--- Ceratopipra rubrocapilla PIME482(50)
   |             |   |
   |             |   |                                     /--- Ceratopipra rubrocapilla BR036(44)
   |             |   |                                 /43-+
   |             |   |                                 |   \--- Ceratopipra rubrocapilla TLP025(55)
   |          /3-+   |                              /19+
   |          |  |   \--------------18--------------+  \------- Ceratopipra rubrocapilla TLP123(56)
   |          |  |                                  |
   |          |  |                                  \---------- Ceratopipra rubrocapilla PPS174(53)
   |          |  |
   |          |  |                                         /--- Ceratopipra rubrocapilla FPR015(34)
   |          |  \-------------------25--------------------+
   |          |                                            \--- Ceratopipra rubrocapilla AMZ551(58)
   |          |
   |          |                                            /--- Ceratopipra rubrocapilla AMZ610(32)
   |          |                                        /11-+
   |          |                                        |   \--- Ceratopipra rubrocapilla PIME079(41)
   |      /57-+                              /----1----+
   |      |   |                              |         |   /--- Ceratopipra rubrocapilla FPR006(33)
   |      |   |                              |         \36-+
   |      |   |                              |             \--- Ceratopipra rubrocapilla PIME460(42)
   |      |   |                              |
   |      |   |                              |         /------- Ceratopipra rubrocapilla FPR021(35)
   |      |   |                              |         |
   |      |   |                              |      /5-+   /--- Ceratopipra rubrocapilla MAR092(37)
   |      |   |                              |      |  \32-+
   |      |   |                              |      |      \--- Ceratopipra rubrocapilla MPDS628(38)
   |      |   |                              +--2---+
   |      |   \--------------1---------------+      |      /--- Ceratopipra rubrocapilla MAM010(36)
   |      |                                  |      |  /17-+
   |      |                                  |      |  |   \--- Ceratopipra rubrocapilla PIME169(49)
   |      |                                  |      \2-+
   |   /32+                                  |         |   /--- Ceratopipra rubrocapilla PIME024(40)
   |   |  |                                  |         \26-+
   |   |  |                                  |             \--- Ceratopipra rubrocapilla PIME062(46)
   |   |  |                                  |
   |   |  |                                  |  /-------------- Ceratopipra rubrocapilla OP100(39)
   |   |  |                                  |  |
   |   |  |                                  |  |      /------- Ceratopipra rubrocapilla PPS041(52)
   |   |  |                                  \21+      |
   |   |  |                                     |   /49+   /--- Ceratopipra rubrocapilla MT087(63)
   |   |  |                                     |   |  \95-+
   |   |  |                                     \43-+      \--- Ceratopipra rubrocapilla MT123(64)
   |   |  |                                         |
   |   |  |                                         \---------- Ceratopipra rubrocapilla PPS221(54)
   |   |  |
   |   |  |                                            /------- Ceratopipra rubrocapilla OM022(24)
   |   |  |                                            |
   |   |  \---------------------63---------------------+   /--- Ceratopipra rubrocapilla OM112(25)
   |   |                                               \47-+
   |   |                                                   \--- Ceratopipra rubrocapilla OM172(26)
   \100+
       |                                                   /--- Ceratopipra rubrocapilla AMA340(16)
       |                                               /29-+
       |                                               |   \--- Ceratopipra rubrocapilla CUJ027(22)
       |                                            /19+
       |                                        /21-+  \------- Ceratopipra rubrocapilla CAM117(21)
       |                                        |   |
       |                                     /21+   \---------- Ceratopipra rubrocapilla B4615(19)
       |                                     |  |
       |                                 /12-+  \-------------- Ceratopipra rubrocapilla AMA601(17)
       |                                 |   |
       |                                 |   \----------------- Ceratopipra rubrocapilla B5082(20)
       |                              /4-+
       |                              |  |                 /--- Ceratopipra rubrocapilla AMA656(18)
       |                              |  \-------34--------+
       |                          /12-+                    \--- Ceratopipra rubrocapilla UFAC476(31)
       |                          |   |
       |                          |   |                /------- Ceratopipra rubrocapilla CUJ072(23)
       |                          |   |                |
       |                          |   \-------10-------+   /--- Ceratopipra rubrocapilla UFAC100(29)
       \------------31------------+                    \21-+
                                  |                        \--- Ceratopipra rubrocapilla UFAC305(30)
                                  |
                                  |                        /--- Ceratopipra rubrocapilla PUC008(27)
                                  \----------100-----------+
                                                           \--- Ceratopipra rubrocapilla PUC007(28)

Bipartitions found in one or more trees and frequency of occurrence (bootstrap support values):

         1         2         3         4         5         6       6
12345678901234567890123456789012345678901234567890123456789012345678          Freq
----------------------------------------------------------------------------------
..........................**........................................           100
..........................................................****......           100
..........*****.....................................................           100
.....*****..........................................................           100
.....**********.....................................................           100
.....***************************************************************           100
..............................................................**....            95
.....**********...........................................****....*.            79
.....**********...........................................****...**.            73
.......................***..........................................            63
.....**********................*************************************            57
.**.*...............................................................            57
.*..*...............................................................            54
.****...............................................................            52
...................................................*..........**....            49
........................**..........................................            47
..........................................*.......*.................            45
........................................................*.......*...            44
...........................................................***......            44
...................................................*.*........**....            43
.**.****************************************************************            43
...........................................*..........*.............            43
...........*..*.....................................................            43
..........................................................****....*.            38
.....**********...................................................*.            38
................................*........*..........................            36
.......**...........................................................            36
.................*............*.....................................            34
.....**********........***.....*************************************            32
....................................**..............................            32
...........................................................*.*......            31
...............********...*****.....................................            31
............................................................**......            30
.......*.*..........................................................            30
...............*.....*..............................................            29
.*.**...............................................................            28
..........***.*.....................................................            27
.......................*.*..........................................            27
............*.*.....................................................            27
......*.*...........................................................            27
.......................................*.....*......................            26
...............................................*...................*            26
.................................*.......................*..........            25
............................................*....*..................            25
..........................................................*.**......            25
.....**********...........................*.*.**.**.....*.****..****            25
.....**.............................................................            25
.......................**...........................................            24
........................................**..........................            24
..................................*..*..............................            23
.....................................................*........**....            23
..........................................................*..*......            23
...........****.....................................................            23
.................................*....*.............................            22
..............................................*..*..................            22
......................................................**............            22
............................................*..*....................            22
............................**......................................            21
...............*..*.**..............................................            21
...............**.*.**..............................................            21
......................................*............*.*........**....            21
...................*........*.......................................            20
...........**.*.....................................................            20
...................................*.*..............................            20
...........................................*..........**............            19
..*.*...............................................................            19
...................**...............................................            19
...............*....**..............................................            19
................*.*.................................................            18
...............*....*...............................................            18
...........................................*........*.**............            18
...........................................*........*...............            18
...........................................*........*.*.............            18
...................*..........*.....................................            18
......................*......*......................................            17
...**...............................................................            17
.....................................................*.*............            17
......................*.....*.......................................            17
..........*..*......................................................            17
................................*......*............................            17
...................................*............*...................            17
.....**********...........................................****...***            16
............**......................................................            16
..........................................................**.*......            16
.....**********...........................................****......            16
.................*...........*......................................            16
......*..*..........................................................            15
..............................................**....................            15
.....**********...............................**........*.****..****            15
...............................*...................*..........**....            15
......****..........................................................            15
.....**..*..........................................................            15
.*.*................................................................            14
.................................*..............*...................            14
.....******************...******************************************            14
.....**********...........................*.*.**.**.*...*.****..****            14
......................................*..............*..............            14
.......***..........................................................            14
.....*..*...........................................................            13
..........**..*.....................................................            13
...............................................*........*...........            13
...........*.*......................................................            13
..........*...*.....................................................            12
...............********.....***.....................................            12
...............**.****..............................................            12
.....**.*...........................................................            12
......................*.......*.....................................            12
..................................*....*............................            12
..........................................................****...*..            12
.....*...*..........................................................            12
..........................**.*......................................            12
..........**.**.....................................................            12
.....*.**...........................................................            11
.....**********.............................*.**........*.****..****            11
...................................*...*............................            11
................................*.*.................................            11
...............................*...................*.*........**....            11
......................................*............*..........**....            11
.....****...........................................................            11
...............*..*.................................................            11
.................................*......*...........................            11
............***.....................................................            11
.................*........**........................................            11
..........................................................**........            11
.............................................*..*...................            11
...............................*........*...........................            11
................................*.*....*............................            11
...............................*...................*................            10
..........................................*.........*...............            10
......***...........................................................            10
......................*.....**......................................            10
...........................................................**.......            10
..................*.*...............................................            10
...............*...**...............................................            10
..............................................*.................*...            10
..............................................*.........*...........            10
................................................................*..*            10
..........*.*.*.....................................................             9
.....*.***..........................................................             9
...............****************.....................................             9
.....*.*.*..........................................................             9
.....**********...........................................****..****             9
.....**********........**......*************************************             9
................................................................**..             9
................*.....*.............................................             9
....................................................*.*.............             9
...........................................*...........*............             9
...................................................*.*..............             9
.....**.**..........................................................             9
..............................................*....................*             9
................*.........**........................................             9
..........*.**......................................................             9
....................*.......*.......................................             8
...............................*................*...................             8
.....***.*..........................................................             8
...............................*.........................*..........             8
..................*..*..............................................             8
.....**********.............................*.**.**.....*.****..****             8
......................*...**.*......................................             8
........................................*.......*...................             8
..................................*.*...............................             8
..........................................................*.*.......             8
...............................*......*............*.*........**....             8
.....**********...............................**..........****...***             8
..................................**................................             7
.......................*****........................................             7
............................*.*.....................................             7
........................................*................*..........             7
..........................................*.......*.*...............             7
................................*...............*...................             7
...................................*.........*......................             7
...........*.**.....................................................             7
..........*.*.......................................................             7
.........................................*......*...................             7
............................................*...................*...             7
................*..*................................................             7
...............*..*..*..............................................             7
.................*........**.*......................................             7
.................*.*........*.*.....................................             7
....................................*............*..................             7
................*....*..............................................             7
.................*....*.............................................             7
...............*..*.*...............................................             7
.................................................................*.*             7
.............**.....................................................             7
...............*******......*.*.....................................             7
............................................*..........*............             7
.................................................**.................             7
................................*............*......................             7
..........................................................****...**.             7
....................................*.*.............................             6
.................*...*..............................................             6
...................*........*.*.....................................             6
....................................*........*......................             6
.......................................................*.*..........             6
...............................*......*............*..........**....             6
..........................................*.*....**.................             6
.................................................................**.             6
..........................................*...*.....................             6
..................................**.*..............................             6
.....******************.....****************************************             6
...............**.*..*..............................................             6
......................................*..................*..........             6
...............**.*****.....*.*.....................................             6
......................*...**........................................             6
..................................................*................*             6
..........*.***.....................................................             6
..................................................*.*...............             6
...............**...................................................             6
....................................................*..*............             6
...............**.*.................................................             6
.................................................*.......*..........             6
...............**.*.*...............................................             5
...............**...*...............................................             5
...........................................*........****............             5
......................................*.......................**....             5
...............................*......*....*.......*****......**....             5
............................................*.....*.................             5
.....**********................*......*...***.**.********.**********             5
...............********..******.....................................             5
..........**.*......................................................             5
...............*...*................................................             5
.....**********................................*........*.****..****             5
...........................................*.........***............             5
........................................................*..........*             5
........................*....*......................................             5
..........................................**........*.**............             5
.....**********...........................***.**.**.*.***.****..****             5
.....................................................***............             5
............................................*...........*.......*...             5
.....**********................................*..........****...***             5
.....**********.........*......*************************************             5
..***...............................................................             5
................*.*..*..............................................             5
................*............*......................................             5
...............*..***...............................................             5
.....*.*............................................................             5
..................**................................................             5
..................................*.**..............................             5
......*.**..........................................................             5
...............*..****..............................................             5
......................................*.........*...................             5
...............*******......***.....................................             5
.....**********...........................*.*.**..*.....*.****..****             5
.................*.*..........*.....................................             5
...........................................*........*..*............             5
.....**********.............................*.**.*......*.****..****             5
..........................................*......**.................             5
..........................................*...........*.............             5
..........................................*.........*.*.............             5
.....**********...............................*...........****...***             5
............................................*...........*...........             5
...................................*.....*..........................             5
................................*.*..*...*..........................             5
.....**********...............................*...........****..****             5
......................................*..............*........**....             5
..........**........................................................             5
.....................................*.......*......................             5
..........*..**.....................................................             5
....................................*..*............................             5

1584 groups at (relative) frequency less than 5% not shown

Bootstrap consensus tree stored to tree buffer (replacing previously stored tree)

Trees from bootstrap replicates written to treefile:
/home/1_Else/Ceratopipra/2_Phylogeny/2.1aa_SVDquartets/trees/Cryptopipo_rubrocapilla_imeriout_m07.GB
SPipfilbwa.allsites.filtered.thinned10k.forSVD.49_0.2_5_20.unpartitioned.boot100.tre

Time used for SVDQuartet analysis = 04:36:24 (CPU time = 09:12:41.1)

paup> savetrees savebootp=NodeLabels;

1 tree saved to file
"/home/1_Else/Ceratopipra/2_Phylogeny/2.1aa_SVDquartets/Cryptopipo_rubrocapilla_imeriout_m07.GBSPipf
ilbwa.allsites.filtered.thinned10k.forSVD.49_0.2_5_20.tre"
