
P A U P *
Version 4.0a (build 168) for Unix/Linux (built on Aug  2 2020 at 07:10:27)
Fri Jul 28 17:55:50 2023


Processing of file
"/home/1_Else/Ceratopipra/2_Phylogeny/2.1aa_SVDquartets/data/Cryptopipo_rubrocapilla_imeriout_m07.GB
SPipfilbwa.allsites.filtered.thinned10k.forSVD.49_0.2_5_20.parts.nex" begins...

Data read in DNA format

Data matrix has 68 taxa, 18745 characters
Valid character-state symbols: ACGT
Missing data identified by 'N'
Gaps identified by '-'
"Equate" macros in effect:
   R,r ==> {AG}
   Y,y ==> {CT}
   M,m ==> {AC}
   K,k ==> {GT}
   S,s ==> {CG}
   W,w ==> {AT}
   H,h ==> {ACT}
   B,b ==> {CGT}
   V,v ==> {ACG}
   D,d ==> {AGT}

Processing of input file
"Cryptopipo_rubrocapilla_imeriout_m07.GBSPipfilbwa.allsites.filtered.thinned10k.forSVD.49_0.2_5_20.p
arts.nex" completed.

paup> svdq evalQuartets=all ambigs=distribute seed=1 taxpartition = SPECIES showScores=no bootstrap nreps=1 treeFile=trees/Cryptopipo_rubrocapilla_imeriout_m07.GBSPipfilbwa.allsites.filtered.thinned10k.forSVD.49_0.2_5_20.boot1.species.tre;

Analysis using SVDQuartets method

  Number of taxa (lineages) in the analysis = 68
  Tips assigned to species using taxon partition 'SPECIES'
  Quartet sampling = exhaustive (238044 quartets)
  Doing standard bootstrap analysis
    Initial bootstrap seed = 1
    Number of bootstrap replicates = 1
  Tree model = multispecies coalescent (expected rank of flattening matrix for true tree = 10)
  Using 2 parallel threads on 60 physical (120 logical) processors
  Tree search:
    Quartet assembly algorithm = QFM
    Local search = none
  Writing trees for bootstrap replicates to file:
  trees/Cryptopipo_rubrocapilla_imeriout_m07.GBSPipfilbwa.allsites.filtered.thinned10k.forSVD.49_0.2
  _5_20.boot1.species.tre

Quartet assembly completed:
  Total weight of incompatible quartets = 14.0760 (40.217%)
  Total weight of compatible quartets   = 20.9240 (59.783%)
  Time used for QFM = 0.00 sec (CPU time = 0.00 sec)

Tree from SVDQuartets analysis (also stored to tree buffer):

/------------------------------------------------------------------------------------ Imeri
|
|                                                                  /----------------- AtlanticForest
|                                                 /----------------+
|                                                 |                \----------------- XinguBelem
|                                 /---------------+
|                                 |               \---------------------------------- Tapajos
|                /----------------+
|                |                |                                /----------------- Rondonia
\----------------+                \--------------------------------+
                 |                                                 \----------------- Headwaters
                 |
                 \------------------------------------------------------------------- Inambari

Bootstrap 50% majority-rule consensus tree
   (plus other groups compatible with this tree)

/--------------------------------------------------------------------------------- Imeri(1)
|
|                                                                   /------------- AtlanticForest(2)
|                                                     /-----100-----+
|                                                     |             \------------- XinguBelem(7)
|                                        /----100-----+
|                          /-----100-----+            \--------------------------- Tapajos(5)
|                          |             |
|             /----100-----+             \---------------------------------------- Headwaters(6)
|             |            |
\-------------+            \------------------------------------------------------ Rondonia(4)
              |
              \------------------------------------------------------------------- Inambari(3)

Bipartitions found in one or more trees and frequency of occurrence (bootstrap support values):

1234567          Freq        %
------------------------------
.*....*             1  100.00%
.*..*.*             1  100.00%
.*..***             1  100.00%
.*.****             1  100.00%

Bootstrap consensus tree stored to tree buffer (replacing previously stored tree)

Trees from bootstrap replicates written to treefile:
/home/1_Else/Ceratopipra/2_Phylogeny/2.1aa_SVDquartets/trees/Cryptopipo_rubrocapilla_imeriout_m07.GB
SPipfilbwa.allsites.filtered.thinned10k.forSVD.49_0.2_5_20.boot1.species.tre

Time used for SVDQuartet analysis = 00:01:40 (CPU time = 00:03:21.7)

paup> savetrees savebootp=NodeLabels;

1 tree saved to file
"/home/1_Else/Ceratopipra/2_Phylogeny/2.1aa_SVDquartets/Cryptopipo_rubrocapilla_imeriout_m07.GBSPipf
ilbwa.allsites.filtered.thinned10k.forSVD.49_0.2_5_20.parts.tre"

paup> svdq evalQuartets=all ambigs=distribute seed=1 taxpartition = SPECIES showScores=no bootstrap nreps=100 treeFile=trees/Cryptopipo_rubrocapilla_imeriout_m07.GBSPipfilbwa.allsites.filtered.thinned10k.forSVD.49_0.2_5_20.boot100.species.tre;

Analysis using SVDQuartets method

  Number of taxa (lineages) in the analysis = 68
  Tips assigned to species using taxon partition 'SPECIES'
  Quartet sampling = exhaustive (238044 quartets)
  Doing standard bootstrap analysis
    Initial bootstrap seed = 1
    Number of bootstrap replicates = 100
  Tree model = multispecies coalescent (expected rank of flattening matrix for true tree = 10)
  Using 2 parallel threads on 60 physical (120 logical) processors
  Tree search:
    Quartet assembly algorithm = QFM
    Local search = none
  Writing trees for bootstrap replicates to file:
  trees/Cryptopipo_rubrocapilla_imeriout_m07.GBSPipfilbwa.allsites.filtered.thinned10k.forSVD.49_0.2
  _5_20.boot100.species.tre

Quartet assembly completed:
  Total weight of incompatible quartets = 14.0760 (40.217%)
  Total weight of compatible quartets   = 20.9240 (59.783%)
  Time used for QFM = 0.00 sec (CPU time = 0.00 sec)

Tree from SVDQuartets analysis (also stored to tree buffer):

/------------------------------------------------------------------------------------ Imeri
|
|                                                                  /----------------- AtlanticForest
|                                                 /----------------+
|                                                 |                \----------------- XinguBelem
|                                 /---------------+
|                                 |               \---------------------------------- Tapajos
|                /----------------+
|                |                |                                /----------------- Rondonia
\----------------+                \--------------------------------+
                 |                                                 \----------------- Headwaters
                 |
                 \------------------------------------------------------------------- Inambari

Bootstrap 50% majority-rule consensus tree
   (plus other groups compatible with this tree)

/--------------------------------------------------------------------------------- Imeri(1)
|
|                                                                /---------------- AtlanticForest(2)
|                                                /------100------+
|                                                |               \---------------- XinguBelem(7)
|                               /-------99-------+
|                               |                \-------------------------------- Tapajos(5)
|               /------98-------+
|               |               |                                /---------------- Rondonia(4)
\---------------+               \---------------85---------------+
                |                                                \---------------- Headwaters(6)
                |
                \----------------------------------------------------------------- Inambari(3)

Bipartitions found in one or more trees and frequency of occurrence (bootstrap support values):

1234567          Freq
---------------------
.*....*           100
.*..*.*            99
.*.****            98
...*.*.            85
.*..***            11

4 groups at (relative) frequency less than 5% not shown

Bootstrap consensus tree stored to tree buffer (replacing previously stored tree)

Trees from bootstrap replicates written to treefile:
/home/1_Else/Ceratopipra/2_Phylogeny/2.1aa_SVDquartets/trees/Cryptopipo_rubrocapilla_imeriout_m07.GB
SPipfilbwa.allsites.filtered.thinned10k.forSVD.49_0.2_5_20.boot100.species.tre

Time used for SVDQuartet analysis = 01:22:11 (CPU time = 02:44:13.6)
